2015-03-04 17:05:20 Error: Fatal Error (4): syntax error, unexpected 'public' (T_PUBLIC) in [/home/nico/Programmation/www/private/hackaton/app/Controller/AppController.php, line 34]
2015-03-04 17:05:20 Error: [FatalErrorException] syntax error, unexpected 'public' (T_PUBLIC)
Request URL: /www/private/hackaton/
Stack Trace:
#0 /home/nico/Programmation/www/private/hackaton/lib/Cake/Error/ErrorHandler.php(213): ErrorHandler::handleFatalError(4, 'syntax error, u...', '/home/nico/Prog...', 34)
#1 [internal function]: ErrorHandler::handleError(4, 'syntax error, u...', '/home/nico/Prog...', 34, Array)
#2 /home/nico/Programmation/www/private/hackaton/lib/Cake/Core/App.php(931): call_user_func('ErrorHandler::h...', 4, 'syntax error, u...', '/home/nico/Prog...', 34, Array)
#3 /home/nico/Programmation/www/private/hackaton/lib/Cake/Core/App.php(904): App::_checkFatalError()
#4 [internal function]: App::shutdown()
#5 {main}
2015-03-04 17:15:49 Error: Fatal Error (4): syntax error, unexpected 'index' (T_STRING), expecting variable (T_VARIABLE) in [/home/nico/Programmation/www/private/hackaton/app/Controller/PagesController.php, line 32]
2015-03-04 17:15:49 Error: [FatalErrorException] syntax error, unexpected 'index' (T_STRING), expecting variable (T_VARIABLE)
Request URL: /www/private/hackaton/
Stack Trace:
#0 /home/nico/Programmation/www/private/hackaton/lib/Cake/Error/ErrorHandler.php(213): ErrorHandler::handleFatalError(4, 'syntax error, u...', '/home/nico/Prog...', 32)
#1 [internal function]: ErrorHandler::handleError(4, 'syntax error, u...', '/home/nico/Prog...', 32, Array)
#2 /home/nico/Programmation/www/private/hackaton/lib/Cake/Core/App.php(931): call_user_func('ErrorHandler::h...', 4, 'syntax error, u...', '/home/nico/Prog...', 32, Array)
#3 /home/nico/Programmation/www/private/hackaton/lib/Cake/Core/App.php(904): App::_checkFatalError()
#4 [internal function]: App::shutdown()
#5 {main}
2015-03-04 17:16:07 Error: [MissingActionException] Action PagesController::display() could not be found.
Exception Attributes: array (
  'controller' => 'PagesController',
  'action' => 'display',
)
Request URL: /www/private/hackaton/
Stack Trace:
#0 /home/nico/Programmation/www/private/hackaton/lib/Cake/Routing/Dispatcher.php(193): Controller->invokeAction(Object(CakeRequest))
#1 /home/nico/Programmation/www/private/hackaton/lib/Cake/Routing/Dispatcher.php(167): Dispatcher->_invoke(Object(PagesController), Object(CakeRequest))
#2 /home/nico/Programmation/www/private/hackaton/app/webroot/index.php(118): Dispatcher->dispatch(Object(CakeRequest), Object(CakeResponse))
#3 {main}
2015-03-04 17:20:55 Error: Fatal Error (4): syntax error, unexpected 'echo' (T_ECHO), expecting ',' or ';' in [/home/nico/Programmation/www/private/hackaton/app/View/Layouts/default.ctp, line 35]
2015-03-04 17:20:55 Error: [FatalErrorException] syntax error, unexpected 'echo' (T_ECHO), expecting ',' or ';'
Request URL: /www/private/hackaton/
Stack Trace:
#0 /home/nico/Programmation/www/private/hackaton/lib/Cake/Error/ErrorHandler.php(213): ErrorHandler::handleFatalError(4, 'syntax error, u...', '/home/nico/Prog...', 35)
#1 [internal function]: ErrorHandler::handleError(4, 'syntax error, u...', '/home/nico/Prog...', 35, Array)
#2 /home/nico/Programmation/www/private/hackaton/lib/Cake/Core/App.php(931): call_user_func('ErrorHandler::h...', 4, 'syntax error, u...', '/home/nico/Prog...', 35, Array)
#3 /home/nico/Programmation/www/private/hackaton/lib/Cake/Core/App.php(904): App::_checkFatalError()
#4 [internal function]: App::shutdown()
#5 {main}
